[debug] [2025-03-27T17:34:54.947Z] ----------------------------------------------------------------------
[debug] [2025-03-27T17:34:54.949Z] Command:       /usr/local/bin/node /usr/local/bin/firebase login
[debug] [2025-03-27T17:34:54.949Z] CLI Version:   13.35.1
[debug] [2025-03-27T17:34:54.949Z] Platform:      linux
[debug] [2025-03-27T17:34:54.950Z] Node Version:  v18.20.7
[debug] [2025-03-27T17:34:54.950Z] Time:          Thu Mar 27 2025 17:34:54 GMT+0000 (Coordinated Universal Time)
[debug] [2025-03-27T17:34:54.950Z] ----------------------------------------------------------------------
[debug] 
[info] i  Firebase optionally collects CLI and Emulator Suite usage and error reporting information to help improve our products. Data is collected in accordance with Google's privacy policy (https://policies.google.com/privacy) and is not used to identify you.
 
[info] 
[info] Visit this URL on this device to log in:
[info] https://accounts.google.com/o/oauth2/auth?client_id=563584335869-fgrhgmd47bqnekij5i8b5pr03ho849e6.apps.googleusercontent.com&scope=email%20openid%20https%3A%2F%2Fwww.googleapis.com%2Fauth%2Fcloudplatformprojects.readonly%20https%3A%2F%2Fwww.googleapis.com%2Fauth%2Ffirebase%20https%3A%2F%2Fwww.googleapis.com%2Fauth%2Fcloud-platform&response_type=code&state=706375818&redirect_uri=http%3A%2F%2Flocalhost%3A9005
[info] 
[info] Waiting for authentication...
[debug] [2025-03-27T17:37:29.219Z] ----------------------------------------------------------------------
[debug] [2025-03-27T17:37:29.221Z] Command:       /usr/local/bin/node /usr/local/bin/firebase init
[debug] [2025-03-27T17:37:29.221Z] CLI Version:   13.35.1
[debug] [2025-03-27T17:37:29.221Z] Platform:      linux
[debug] [2025-03-27T17:37:29.221Z] Node Version:  v18.20.7
[debug] [2025-03-27T17:37:29.222Z] Time:          Thu Mar 27 2025 17:37:29 GMT+0000 (Coordinated Universal Time)
[debug] [2025-03-27T17:37:29.222Z] ----------------------------------------------------------------------
[debug] 
[debug] [2025-03-27T17:37:29.226Z] > command requires scopes: ["email","openid","https://www.googleapis.com/auth/cloudplatformprojects.readonly","https://www.googleapis.com/auth/firebase","https://www.googleapis.com/auth/cloud-platform"]
[debug] [2025-03-27T17:37:29.314Z] Running auto auth
[info] 
     ######## #### ########  ######## ########     ###     ######  ########
     ##        ##  ##     ## ##       ##     ##  ##   ##  ##       ##
     ######    ##  ########  ######   ########  #########  ######  ######
     ##        ##  ##    ##  ##       ##     ## ##     ##       ## ##
     ##       #### ##     ## ######## ########  ##     ##  ######  ########

You're about to initialize a Firebase project in this directory:

  /app

Before we get started, keep in mind:

  * You are currently outside your home directory

[info] 
=== Project Setup
[info] 
[info] First, let's associate this project directory with a Firebase project.
[info] You can create multiple project aliases by running firebase use --add, 
[info] but for now we'll just set up a default project.
[info] 
[debug] [2025-03-27T17:37:39.613Z] ----------------------------------------------------------------------
[debug] [2025-03-27T17:37:39.615Z] Command:       /usr/local/bin/node /usr/local/bin/firebase init
[debug] [2025-03-27T17:37:39.615Z] CLI Version:   13.35.1
[debug] [2025-03-27T17:37:39.616Z] Platform:      linux
[debug] [2025-03-27T17:37:39.616Z] Node Version:  v18.20.7
[debug] [2025-03-27T17:37:39.616Z] Time:          Thu Mar 27 2025 17:37:39 GMT+0000 (Coordinated Universal Time)
[debug] [2025-03-27T17:37:39.616Z] ----------------------------------------------------------------------
[debug] 
[debug] [2025-03-27T17:37:39.621Z] > command requires scopes: ["email","openid","https://www.googleapis.com/auth/cloudplatformprojects.readonly","https://www.googleapis.com/auth/firebase","https://www.googleapis.com/auth/cloud-platform"]
[debug] [2025-03-27T17:37:39.650Z] Running auto auth
[info] 
     ######## #### ########  ######## ########     ###     ######  ########
     ##        ##  ##     ## ##       ##     ##  ##   ##  ##       ##
     ######    ##  ########  ######   ########  #########  ######  ######
     ##        ##  ##    ##  ##       ##     ## ##     ##       ## ##
     ##       #### ##     ## ######## ########  ##     ##  ######  ########

You're about to initialize a Firebase project in this directory:

  /app

Before we get started, keep in mind:

  * You are currently outside your home directory

[info] 
=== Project Setup
[info] 
[info] First, let's associate this project directory with a Firebase project.
[info] You can create multiple project aliases by running firebase use --add, 
[info] but for now we'll just set up a default project.
[info] 
[debug] [2025-03-27T17:37:52.219Z] No OAuth tokens found
[debug] [2025-03-27T17:37:52.220Z] >>> [apiv2][query] GET https://firebase.googleapis.com/v1beta1/projects pageSize=100
[debug] [2025-03-27T17:37:52.284Z] <<< [apiv2][status] GET https://firebase.googleapis.com/v1beta1/projects 403
[debug] [2025-03-27T17:37:52.284Z] <<< [apiv2][body] GET https://firebase.googleapis.com/v1beta1/projects [omitted]
[debug] [2025-03-27T17:37:52.285Z] Request to https://firebase.googleapis.com/v1beta1/projects?pageSize=100 had HTTP Error: 403, Firebase Management API has not been used in project 90058427838 before or it is disabled. Enable it by visiting https://console.developers.google.com/apis/api/firebase.googleapis.com/overview?project=90058427838 then retry. If you enabled this API recently, wait a few minutes for the action to propagate to our systems and retry.
[debug] [2025-03-27T17:37:52.286Z] FirebaseError: Request to https://firebase.googleapis.com/v1beta1/projects?pageSize=100 had HTTP Error: 403, Firebase Management API has not been used in project 90058427838 before or it is disabled. Enable it by visiting https://console.developers.google.com/apis/api/firebase.googleapis.com/overview?project=90058427838 then retry. If you enabled this API recently, wait a few minutes for the action to propagate to our systems and retry.
    at responseToError (/usr/local/lib/node_modules/firebase-tools/lib/responseToError.js:52:12)
    at RetryOperation._fn (/usr/local/lib/node_modules/firebase-tools/lib/apiv2.js:312:77)
    at process.processTicksAndRejections (node:internal/process/task_queues:95:5)
[error] 
[error] Error: Failed to list Firebase projects. See firebase-debug.log for more info.
